 
New instance of bashtop version: 0.9.25 Pid: 32703
PSUTIL ERROR! Command: get_nics()
'eth0'
11:36:18 PM ERROR: On line 1048 
 
New instance of bashtop version: 0.9.25 Pid: 1699
PSUTIL ERROR! Command: get_nics()
'eth0'
11:37:27 PM ERROR: On line 1048 
 
New instance of bashtop version: 0.9.25 Pid: 3480
PSUTIL ERROR! Command: get_nics()
'eth0'
11:46:47 PM ERROR: On line 1048 
 
New instance of bashtop version: 0.9.25 Pid: 27865
 
New instance of bashtop version: 0.9.25 Pid: 13590
 
New instance of bashtop version: 0.9.25 Pid: 16216
11:46:41 AM ERROR: On line 4032 
11:46:41 AM ERROR: On line 4032 
 
New instance of bashtop version: 0.9.25 Pid: 17466
 
New instance of bashtop version: 0.9.25 Pid: 2898
 
New instance of bashtop version: 0.9.25 Pid: 9583
 
New instance of bashtop version: 0.9.25 Pid: 20014
 
New instance of bashtop version: 0.9.25 Pid: 20566
 
New instance of bashtop version: 0.9.25 Pid: 29165
 
New instance of bashtop version: 0.9.25 Pid: 17147
PSUTIL ERROR! Command: get_nics()
'eth0'
01:24:08 AM ERROR: On line 1048 
 
New instance of bashtop version: 0.9.25 Pid: 18795
 
New instance of bashtop version: 0.9.25 Pid: 3005
 
New instance of bashtop version: 0.9.25 Pid: 16389
 
New instance of bashtop version: 0.9.25 Pid: 1617
 
New instance of bashtop version: 0.9.25 Pid: 6732
 
New instance of bashtop version: 0.9.25 Pid: 7471
 
New instance of bashtop version: 0.9.25 Pid: 28257
PSUTIL ERROR! Command: get_nics()
'eth0'
09:37:41 PM ERROR: On line 1048 
 
New instance of bashtop version: 0.9.25 Pid: 8539
PSUTIL ERROR! Command: get_nics()
'eth0'
09:47:55 PM ERROR: On line 1048 
 
New instance of bashtop version: 0.9.25 Pid: 3167
PSUTIL ERROR! Command: get_nics()
'eth0'
10:13:08 PM ERROR: On line 1048 
 
New instance of bashtop version: 0.9.25 Pid: 7307
 
New instance of bashtop version: 0.9.25 Pid: 17011
 
New instance of bashtop version: 0.9.25 Pid: 3385
 
New instance of bashtop version: 0.9.25 Pid: 4960
 
New instance of bashtop version: 0.9.25 Pid: 6396
 
New instance of bashtop version: 0.9.25 Pid: 20612
 
New instance of bashtop version: 0.9.25 Pid: 5711
PSUTIL ERROR! Command: get_nics()
'eth0'
11:36:01 PM ERROR: On line 1048 
 
New instance of bashtop version: 0.9.25 Pid: 16967
 
New instance of bashtop version: 0.9.25 Pid: 10861
 
New instance of bashtop version: 0.9.25 Pid: 28188
PSUTIL ERROR! Command: get_nics()
'eth0'
12:35:48 AM ERROR: On line 1048 
 
New instance of bashtop version: 0.9.25 Pid: 2365
PSUTIL ERROR! Command: get_nics()
'eth0'
11:24:07 AM ERROR: On line 1048 
